<?xml version="1.0" encoding="UTF-8"?>
<testsuite xmlns:xsi="http://www.w3.org/2001/XMLSchema-instance" xsi:noNamespaceSchemaLocation="https://maven.apache.org/surefire/maven-surefire-plugin/xsd/surefire-test-report-3.0.xsd" version="3.0" name="runner.TestRunner" time="115.851" tests="9" errors="0" skipped="0" failures="0">
  <properties>
    <property name="java.specification.version" value="23"/>
    <property name="webdriver.chrome.driver" value="C:\Users\anjal\.cache\selenium\chromedriver\win64\134.0.6998.88\chromedriver.exe"/>
    <property name="sun.cpu.isalist" value="amd64"/>
    <property name="sun.jnu.encoding" value="Cp1252"/>
    <property name="java.class.path" value="C:\Users\anjal\Java_Projects\BookswagonAutomation\target\test-classes;C:\Users\anjal\Java_Projects\BookswagonAutomation\target\classes;C:\Users\anjal\.m2\repository\io\github\bonigarcia\webdrivermanager\5.9.3\webdrivermanager-5.9.3.jar;C:\Users\anjal\.m2\repository\org\slf4j\slf4j-api\2.0.16\slf4j-api-2.0.16.jar;C:\Users\anjal\.m2\repository\com\google\code\gson\gson\2.12.1\gson-2.12.1.jar;C:\Users\anjal\.m2\repository\com\google\errorprone\error_prone_annotations\2.36.0\error_prone_annotations-2.36.0.jar;C:\Users\anjal\.m2\repository\com\github\docker-java\docker-java\3.4.1\docker-java-3.4.1.jar;C:\Users\anjal\.m2\repository\com\github\docker-java\docker-java-core\3.4.1\docker-java-core-3.4.1.jar;C:\Users\anjal\.m2\repository\com\github\docker-java\docker-java-api\3.4.1\docker-java-api-3.4.1.jar;C:\Users\anjal\.m2\repository\com\fasterxml\jackson\core\jackson-annotations\2.10.3\jackson-annotations-2.10.3.jar;C:\Users\anjal\.m2\repository\com\fasterxml\jackson\core\jackson-databind\2.10.3\jackson-databind-2.10.3.jar;C:\Users\anjal\.m2\repository\com\fasterxml\jackson\core\jackson-core\2.10.3\jackson-core-2.10.3.jar;C:\Users\anjal\.m2\repository\org\slf4j\jcl-over-slf4j\1.7.30\jcl-over-slf4j-1.7.30.jar;C:\Users\anjal\.m2\repository\com\github\docker-java\docker-java-transport-httpclient5\3.4.1\docker-java-transport-httpclient5-3.4.1.jar;C:\Users\anjal\.m2\repository\com\github\docker-java\docker-java-transport\3.4.1\docker-java-transport-3.4.1.jar;C:\Users\anjal\.m2\repository\net\java\dev\jna\jna\5.13.0\jna-5.13.0.jar;C:\Users\anjal\.m2\repository\org\brotli\dec\0.1.2\dec-0.1.2.jar;C:\Users\anjal\.m2\repository\org\apache\commons\commons-lang3\3.17.0\commons-lang3-3.17.0.jar;C:\Users\anjal\.m2\repository\org\apache\commons\commons-compress\1.27.1\commons-compress-1.27.1.jar;C:\Users\anjal\.m2\repository\org\apache\httpcomponents\client5\httpclient5\5.2.1\httpclient5-5.2.1.jar;C:\Users\anjal\.m2\repository\org\apache\httpcomponents\core5\httpcore5\5.2\httpcore5-5.2.jar;C:\Users\anjal\.m2\repository\org\apache\httpcomponents\core5\httpcore5-h2\5.2\httpcore5-h2-5.2.jar;C:\Users\anjal\.m2\repository\org\seleniumhq\selenium\selenium-java\4.29.0\selenium-java-4.29.0.jar;C:\Users\anjal\.m2\repository\org\seleniumhq\selenium\selenium-api\4.29.0\selenium-api-4.29.0.jar;C:\Users\anjal\.m2\repository\org\jspecify\jspecify\1.0.0\jspecify-1.0.0.jar;C:\Users\anjal\.m2\repository\org\seleniumhq\selenium\selenium-chrome-driver\4.29.0\selenium-chrome-driver-4.29.0.jar;C:\Users\anjal\.m2\repository\org\seleniumhq\selenium\selenium-chromium-driver\4.29.0\selenium-chromium-driver-4.29.0.jar;C:\Users\anjal\.m2\repository\org\seleniumhq\selenium\selenium-manager\4.29.0\selenium-manager-4.29.0.jar;C:\Users\anjal\.m2\repository\org\seleniumhq\selenium\selenium-devtools-v131\4.29.0\selenium-devtools-v131-4.29.0.jar;C:\Users\anjal\.m2\repository\org\seleniumhq\selenium\selenium-devtools-v133\4.29.0\selenium-devtools-v133-4.29.0.jar;C:\Users\anjal\.m2\repository\org\seleniumhq\selenium\selenium-devtools-v85\4.29.0\selenium-devtools-v85-4.29.0.jar;C:\Users\anjal\.m2\repository\org\seleniumhq\selenium\selenium-edge-driver\4.29.0\selenium-edge-driver-4.29.0.jar;C:\Users\anjal\.m2\repository\org\seleniumhq\selenium\selenium-firefox-driver\4.29.0\selenium-firefox-driver-4.29.0.jar;C:\Users\anjal\.m2\repository\org\seleniumhq\selenium\selenium-http\4.29.0\selenium-http-4.29.0.jar;C:\Users\anjal\.m2\repository\org\seleniumhq\selenium\selenium-ie-driver\4.29.0\selenium-ie-driver-4.29.0.jar;C:\Users\anjal\.m2\repository\org\seleniumhq\selenium\selenium-remote-driver\4.29.0\selenium-remote-driver-4.29.0.jar;C:\Users\anjal\.m2\repository\com\google\guava\guava\33.4.0-jre\guava-33.4.0-jre.jar;C:\Users\anjal\.m2\repository\com\google\guava\failureaccess\1.0.2\failureaccess-1.0.2.jar;C:\Users\anjal\.m2\repository\com\google\guava\listenablefuture\9999.0-empty-to-avoid-conflict-with-guava\listenablefuture-9999.0-empty-to-avoid-conflict-with-guava.jar;C:\Users\anjal\.m2\repository\com\google\code\findbugs\jsr305\3.0.2\jsr305-3.0.2.jar;C:\Users\anjal\.m2\repository\org\checkerframework\checker-qual\3.43.0\checker-qual-3.43.0.jar;C:\Users\anjal\.m2\repository\com\google\j2objc\j2objc-annotations\3.0.0\j2objc-annotations-3.0.0.jar;C:\Users\anjal\.m2\repository\io\opentelemetry\semconv\opentelemetry-semconv\1.28.0-alpha\opentelemetry-semconv-1.28.0-alpha.jar;C:\Users\anjal\.m2\repository\io\opentelemetry\opentelemetry-api\1.46.0\opentelemetry-api-1.46.0.jar;C:\Users\anjal\.m2\repository\io\opentelemetry\opentelemetry-context\1.46.0\opentelemetry-context-1.46.0.jar;C:\Users\anjal\.m2\repository\io\opentelemetry\opentelemetry-exporter-logging\1.46.0\opentelemetry-exporter-logging-1.46.0.jar;C:\Users\anjal\.m2\repository\io\opentelemetry\opentelemetry-sdk-common\1.46.0\opentelemetry-sdk-common-1.46.0.jar;C:\Users\anjal\.m2\repository\io\opentelemetry\opentelemetry-sdk-extension-autoconfigure-spi\1.46.0\opentelemetry-sdk-extension-autoconfigure-spi-1.46.0.jar;C:\Users\anjal\.m2\repository\io\opentelemetry\opentelemetry-sdk-extension-autoconfigure\1.46.0\opentelemetry-sdk-extension-autoconfigure-1.46.0.jar;C:\Users\anjal\.m2\repository\io\opentelemetry\opentelemetry-api-incubator\1.46.0-alpha\opentelemetry-api-incubator-1.46.0-alpha.jar;C:\Users\anjal\.m2\repository\io\opentelemetry\opentelemetry-sdk-trace\1.46.0\opentelemetry-sdk-trace-1.46.0.jar;C:\Users\anjal\.m2\repository\io\opentelemetry\opentelemetry-sdk\1.46.0\opentelemetry-sdk-1.46.0.jar;C:\Users\anjal\.m2\repository\io\opentelemetry\opentelemetry-sdk-metrics\1.46.0\opentelemetry-sdk-metrics-1.46.0.jar;C:\Users\anjal\.m2\repository\io\opentelemetry\opentelemetry-sdk-logs\1.46.0\opentelemetry-sdk-logs-1.46.0.jar;C:\Users\anjal\.m2\repository\org\seleniumhq\selenium\selenium-os\4.29.0\selenium-os-4.29.0.jar;C:\Users\anjal\.m2\repository\org\apache\commons\commons-exec\1.4.0\commons-exec-1.4.0.jar;C:\Users\anjal\.m2\repository\org\seleniumhq\selenium\selenium-safari-driver\4.29.0\selenium-safari-driver-4.29.0.jar;C:\Users\anjal\.m2\repository\org\seleniumhq\selenium\selenium-support\4.29.0\selenium-support-4.29.0.jar;C:\Users\anjal\.m2\repository\org\seleniumhq\selenium\selenium-devtools-v132\4.29.0\selenium-devtools-v132-4.29.0.jar;C:\Users\anjal\.m2\repository\com\google\auto\service\auto-service-annotations\1.1.1\auto-service-annotations-1.1.1.jar;C:\Users\anjal\.m2\repository\org\seleniumhq\selenium\selenium-json\4.29.0\selenium-json-4.29.0.jar;C:\Users\anjal\.m2\repository\org\testng\testng\7.11.0\testng-7.11.0.jar;C:\Users\anjal\.m2\repository\org\jcommander\jcommander\1.83\jcommander-1.83.jar;C:\Users\anjal\.m2\repository\org\webjars\jquery\3.7.1\jquery-3.7.1.jar;C:\Users\anjal\.m2\repository\io\cucumber\cucumber-java\7.11.2\cucumber-java-7.11.2.jar;C:\Users\anjal\.m2\repository\io\cucumber\cucumber-core\7.11.2\cucumber-core-7.11.2.jar;C:\Users\anjal\.m2\repository\io\cucumber\cucumber-gherkin\7.11.2\cucumber-gherkin-7.11.2.jar;C:\Users\anjal\.m2\repository\io\cucumber\cucumber-gherkin-messages\7.11.2\cucumber-gherkin-messages-7.11.2.jar;C:\Users\anjal\.m2\repository\io\cucumber\gherkin\26.0.3\gherkin-26.0.3.jar;C:\Users\anjal\.m2\repository\io\cucumber\messages\21.0.1\messages-21.0.1.jar;C:\Users\anjal\.m2\repository\io\cucumber\tag-expressions\5.0.1\tag-expressions-5.0.1.jar;C:\Users\anjal\.m2\repository\io\cucumber\cucumber-expressions\16.1.2\cucumber-expressions-16.1.2.jar;C:\Users\anjal\.m2\repository\io\cucumber\datatable\7.11.2\datatable-7.11.2.jar;C:\Users\anjal\.m2\repository\io\cucumber\docstring\7.11.2\docstring-7.11.2.jar;C:\Users\anjal\.m2\repository\io\cucumber\html-formatter\20.2.1\html-formatter-20.2.1.jar;C:\Users\anjal\.m2\repository\io\cucumber\junit-xml-formatter\0.1.0\junit-xml-formatter-0.1.0.jar;C:\Users\anjal\.m2\repository\io\cucumber\ci-environment\9.1.0\ci-environment-9.1.0.jar;C:\Users\anjal\.m2\repository\org\apiguardian\apiguardian-api\1.1.2\apiguardian-api-1.1.2.jar;C:\Users\anjal\.m2\repository\io\cucumber\cucumber-plugin\7.20.1\cucumber-plugin-7.20.1.jar;C:\Users\anjal\.m2\repository\io\cucumber\cucumber-testng\7.11.2\cucumber-testng-7.11.2.jar;C:\Users\anjal\.m2\repository\org\apache\poi\poi\5.4.0\poi-5.4.0.jar;C:\Users\anjal\.m2\repository\commons-codec\commons-codec\1.17.1\commons-codec-1.17.1.jar;C:\Users\anjal\.m2\repository\org\apache\commons\commons-collections4\4.4\commons-collections4-4.4.jar;C:\Users\anjal\.m2\repository\org\apache\commons\commons-math3\3.6.1\commons-math3-3.6.1.jar;C:\Users\anjal\.m2\repository\com\zaxxer\SparseBitSet\1.3\SparseBitSet-1.3.jar;C:\Users\anjal\.m2\repository\org\apache\logging\log4j\log4j-api\2.24.3\log4j-api-2.24.3.jar;C:\Users\anjal\.m2\repository\org\apache\poi\poi-ooxml\5.2.3\poi-ooxml-5.2.3.jar;C:\Users\anjal\.m2\repository\org\apache\poi\poi-ooxml-lite\5.2.3\poi-ooxml-lite-5.2.3.jar;C:\Users\anjal\.m2\repository\org\apache\xmlbeans\xmlbeans\5.1.1\xmlbeans-5.1.1.jar;C:\Users\anjal\.m2\repository\com\github\virtuald\curvesapi\1.07\curvesapi-1.07.jar;C:\Users\anjal\.m2\repository\org\slf4j\slf4j-simple\2.0.7\slf4j-simple-2.0.7.jar;C:\Users\anjal\.m2\repository\com\googlecode\json-simple\json-simple\1.1.1\json-simple-1.1.1.jar;C:\Users\anjal\.m2\repository\junit\junit\4.10\junit-4.10.jar;C:\Users\anjal\.m2\repository\org\hamcrest\hamcrest-core\1.1\hamcrest-core-1.1.jar;C:\Users\anjal\.m2\repository\org\assertj\assertj-core\3.24.2\assertj-core-3.24.2.jar;C:\Users\anjal\.m2\repository\net\bytebuddy\byte-buddy\1.12.21\byte-buddy-1.12.21.jar;C:\Users\anjal\.m2\repository\commons-io\commons-io\2.4\commons-io-2.4.jar;"/>
    <property name="java.vm.vendor" value="Oracle Corporation"/>
    <property name="sun.arch.data.model" value="64"/>
    <property name="user.variant" value=""/>
    <property name="java.vendor.url" value="https://java.oracle.com/"/>
    <property name="user.timezone" value="Asia/Calcutta"/>
    <property name="os.name" value="Windows 11"/>
    <property name="java.vm.specification.version" value="23"/>
    <property name="sun.java.launcher" value="SUN_STANDARD"/>
    <property name="user.country" value="IN"/>
    <property name="sun.boot.library.path" value="C:\Program Files\java\jdk-23\bin"/>
    <property name="sun.java.command" value="C:\temp\surefire11320347790360023443\surefirebooter-20250319110708814_3.jar C:\temp\surefire11320347790360023443 2025-03-19T11-07-08_692-jvmRun1 surefire-20250319110708814_1tmp surefire_0-20250319110708814_2tmp"/>
    <property name="jdk.debug" value="release"/>
    <property name="surefire.test.class.path" value="C:\Users\anjal\Java_Projects\BookswagonAutomation\target\test-classes;C:\Users\anjal\Java_Projects\BookswagonAutomation\target\classes;C:\Users\anjal\.m2\repository\io\github\bonigarcia\webdrivermanager\5.9.3\webdrivermanager-5.9.3.jar;C:\Users\anjal\.m2\repository\org\slf4j\slf4j-api\2.0.16\slf4j-api-2.0.16.jar;C:\Users\anjal\.m2\repository\com\google\code\gson\gson\2.12.1\gson-2.12.1.jar;C:\Users\anjal\.m2\repository\com\google\errorprone\error_prone_annotations\2.36.0\error_prone_annotations-2.36.0.jar;C:\Users\anjal\.m2\repository\com\github\docker-java\docker-java\3.4.1\docker-java-3.4.1.jar;C:\Users\anjal\.m2\repository\com\github\docker-java\docker-java-core\3.4.1\docker-java-core-3.4.1.jar;C:\Users\anjal\.m2\repository\com\github\docker-java\docker-java-api\3.4.1\docker-java-api-3.4.1.jar;C:\Users\anjal\.m2\repository\com\fasterxml\jackson\core\jackson-annotations\2.10.3\jackson-annotations-2.10.3.jar;C:\Users\anjal\.m2\repository\com\fasterxml\jackson\core\jackson-databind\2.10.3\jackson-databind-2.10.3.jar;C:\Users\anjal\.m2\repository\com\fasterxml\jackson\core\jackson-core\2.10.3\jackson-core-2.10.3.jar;C:\Users\anjal\.m2\repository\org\slf4j\jcl-over-slf4j\1.7.30\jcl-over-slf4j-1.7.30.jar;C:\Users\anjal\.m2\repository\com\github\docker-java\docker-java-transport-httpclient5\3.4.1\docker-java-transport-httpclient5-3.4.1.jar;C:\Users\anjal\.m2\repository\com\github\docker-java\docker-java-transport\3.4.1\docker-java-transport-3.4.1.jar;C:\Users\anjal\.m2\repository\net\java\dev\jna\jna\5.13.0\jna-5.13.0.jar;C:\Users\anjal\.m2\repository\org\brotli\dec\0.1.2\dec-0.1.2.jar;C:\Users\anjal\.m2\repository\org\apache\commons\commons-lang3\3.17.0\commons-lang3-3.17.0.jar;C:\Users\anjal\.m2\repository\org\apache\commons\commons-compress\1.27.1\commons-compress-1.27.1.jar;C:\Users\anjal\.m2\repository\org\apache\httpcomponents\client5\httpclient5\5.2.1\httpclient5-5.2.1.jar;C:\Users\anjal\.m2\repository\org\apache\httpcomponents\core5\httpcore5\5.2\httpcore5-5.2.jar;C:\Users\anjal\.m2\repository\org\apache\httpcomponents\core5\httpcore5-h2\5.2\httpcore5-h2-5.2.jar;C:\Users\anjal\.m2\repository\org\seleniumhq\selenium\selenium-java\4.29.0\selenium-java-4.29.0.jar;C:\Users\anjal\.m2\repository\org\seleniumhq\selenium\selenium-api\4.29.0\selenium-api-4.29.0.jar;C:\Users\anjal\.m2\repository\org\jspecify\jspecify\1.0.0\jspecify-1.0.0.jar;C:\Users\anjal\.m2\repository\org\seleniumhq\selenium\selenium-chrome-driver\4.29.0\selenium-chrome-driver-4.29.0.jar;C:\Users\anjal\.m2\repository\org\seleniumhq\selenium\selenium-chromium-driver\4.29.0\selenium-chromium-driver-4.29.0.jar;C:\Users\anjal\.m2\repository\org\seleniumhq\selenium\selenium-manager\4.29.0\selenium-manager-4.29.0.jar;C:\Users\anjal\.m2\repository\org\seleniumhq\selenium\selenium-devtools-v131\4.29.0\selenium-devtools-v131-4.29.0.jar;C:\Users\anjal\.m2\repository\org\seleniumhq\selenium\selenium-devtools-v133\4.29.0\selenium-devtools-v133-4.29.0.jar;C:\Users\anjal\.m2\repository\org\seleniumhq\selenium\selenium-devtools-v85\4.29.0\selenium-devtools-v85-4.29.0.jar;C:\Users\anjal\.m2\repository\org\seleniumhq\selenium\selenium-edge-driver\4.29.0\selenium-edge-driver-4.29.0.jar;C:\Users\anjal\.m2\repository\org\seleniumhq\selenium\selenium-firefox-driver\4.29.0\selenium-firefox-driver-4.29.0.jar;C:\Users\anjal\.m2\repository\org\seleniumhq\selenium\selenium-http\4.29.0\selenium-http-4.29.0.jar;C:\Users\anjal\.m2\repository\org\seleniumhq\selenium\selenium-ie-driver\4.29.0\selenium-ie-driver-4.29.0.jar;C:\Users\anjal\.m2\repository\org\seleniumhq\selenium\selenium-remote-driver\4.29.0\selenium-remote-driver-4.29.0.jar;C:\Users\anjal\.m2\repository\com\google\guava\guava\33.4.0-jre\guava-33.4.0-jre.jar;C:\Users\anjal\.m2\repository\com\google\guava\failureaccess\1.0.2\failureaccess-1.0.2.jar;C:\Users\anjal\.m2\repository\com\google\guava\listenablefuture\9999.0-empty-to-avoid-conflict-with-guava\listenablefuture-9999.0-empty-to-avoid-conflict-with-guava.jar;C:\Users\anjal\.m2\repository\com\google\code\findbugs\jsr305\3.0.2\jsr305-3.0.2.jar;C:\Users\anjal\.m2\repository\org\checkerframework\checker-qual\3.43.0\checker-qual-3.43.0.jar;C:\Users\anjal\.m2\repository\com\google\j2objc\j2objc-annotations\3.0.0\j2objc-annotations-3.0.0.jar;C:\Users\anjal\.m2\repository\io\opentelemetry\semconv\opentelemetry-semconv\1.28.0-alpha\opentelemetry-semconv-1.28.0-alpha.jar;C:\Users\anjal\.m2\repository\io\opentelemetry\opentelemetry-api\1.46.0\opentelemetry-api-1.46.0.jar;C:\Users\anjal\.m2\repository\io\opentelemetry\opentelemetry-context\1.46.0\opentelemetry-context-1.46.0.jar;C:\Users\anjal\.m2\repository\io\opentelemetry\opentelemetry-exporter-logging\1.46.0\opentelemetry-exporter-logging-1.46.0.jar;C:\Users\anjal\.m2\repository\io\opentelemetry\opentelemetry-sdk-common\1.46.0\opentelemetry-sdk-common-1.46.0.jar;C:\Users\anjal\.m2\repository\io\opentelemetry\opentelemetry-sdk-extension-autoconfigure-spi\1.46.0\opentelemetry-sdk-extension-autoconfigure-spi-1.46.0.jar;C:\Users\anjal\.m2\repository\io\opentelemetry\opentelemetry-sdk-extension-autoconfigure\1.46.0\opentelemetry-sdk-extension-autoconfigure-1.46.0.jar;C:\Users\anjal\.m2\repository\io\opentelemetry\opentelemetry-api-incubator\1.46.0-alpha\opentelemetry-api-incubator-1.46.0-alpha.jar;C:\Users\anjal\.m2\repository\io\opentelemetry\opentelemetry-sdk-trace\1.46.0\opentelemetry-sdk-trace-1.46.0.jar;C:\Users\anjal\.m2\repository\io\opentelemetry\opentelemetry-sdk\1.46.0\opentelemetry-sdk-1.46.0.jar;C:\Users\anjal\.m2\repository\io\opentelemetry\opentelemetry-sdk-metrics\1.46.0\opentelemetry-sdk-metrics-1.46.0.jar;C:\Users\anjal\.m2\repository\io\opentelemetry\opentelemetry-sdk-logs\1.46.0\opentelemetry-sdk-logs-1.46.0.jar;C:\Users\anjal\.m2\repository\org\seleniumhq\selenium\selenium-os\4.29.0\selenium-os-4.29.0.jar;C:\Users\anjal\.m2\repository\org\apache\commons\commons-exec\1.4.0\commons-exec-1.4.0.jar;C:\Users\anjal\.m2\repository\org\seleniumhq\selenium\selenium-safari-driver\4.29.0\selenium-safari-driver-4.29.0.jar;C:\Users\anjal\.m2\repository\org\seleniumhq\selenium\selenium-support\4.29.0\selenium-support-4.29.0.jar;C:\Users\anjal\.m2\repository\org\seleniumhq\selenium\selenium-devtools-v132\4.29.0\selenium-devtools-v132-4.29.0.jar;C:\Users\anjal\.m2\repository\com\google\auto\service\auto-service-annotations\1.1.1\auto-service-annotations-1.1.1.jar;C:\Users\anjal\.m2\repository\org\seleniumhq\selenium\selenium-json\4.29.0\selenium-json-4.29.0.jar;C:\Users\anjal\.m2\repository\org\testng\testng\7.11.0\testng-7.11.0.jar;C:\Users\anjal\.m2\repository\org\jcommander\jcommander\1.83\jcommander-1.83.jar;C:\Users\anjal\.m2\repository\org\webjars\jquery\3.7.1\jquery-3.7.1.jar;C:\Users\anjal\.m2\repository\io\cucumber\cucumber-java\7.11.2\cucumber-java-7.11.2.jar;C:\Users\anjal\.m2\repository\io\cucumber\cucumber-core\7.11.2\cucumber-core-7.11.2.jar;C:\Users\anjal\.m2\repository\io\cucumber\cucumber-gherkin\7.11.2\cucumber-gherkin-7.11.2.jar;C:\Users\anjal\.m2\repository\io\cucumber\cucumber-gherkin-messages\7.11.2\cucumber-gherkin-messages-7.11.2.jar;C:\Users\anjal\.m2\repository\io\cucumber\gherkin\26.0.3\gherkin-26.0.3.jar;C:\Users\anjal\.m2\repository\io\cucumber\messages\21.0.1\messages-21.0.1.jar;C:\Users\anjal\.m2\repository\io\cucumber\tag-expressions\5.0.1\tag-expressions-5.0.1.jar;C:\Users\anjal\.m2\repository\io\cucumber\cucumber-expressions\16.1.2\cucumber-expressions-16.1.2.jar;C:\Users\anjal\.m2\repository\io\cucumber\datatable\7.11.2\datatable-7.11.2.jar;C:\Users\anjal\.m2\repository\io\cucumber\docstring\7.11.2\docstring-7.11.2.jar;C:\Users\anjal\.m2\repository\io\cucumber\html-formatter\20.2.1\html-formatter-20.2.1.jar;C:\Users\anjal\.m2\repository\io\cucumber\junit-xml-formatter\0.1.0\junit-xml-formatter-0.1.0.jar;C:\Users\anjal\.m2\repository\io\cucumber\ci-environment\9.1.0\ci-environment-9.1.0.jar;C:\Users\anjal\.m2\repository\org\apiguardian\apiguardian-api\1.1.2\apiguardian-api-1.1.2.jar;C:\Users\anjal\.m2\repository\io\cucumber\cucumber-plugin\7.20.1\cucumber-plugin-7.20.1.jar;C:\Users\anjal\.m2\repository\io\cucumber\cucumber-testng\7.11.2\cucumber-testng-7.11.2.jar;C:\Users\anjal\.m2\repository\org\apache\poi\poi\5.4.0\poi-5.4.0.jar;C:\Users\anjal\.m2\repository\commons-codec\commons-codec\1.17.1\commons-codec-1.17.1.jar;C:\Users\anjal\.m2\repository\org\apache\commons\commons-collections4\4.4\commons-collections4-4.4.jar;C:\Users\anjal\.m2\repository\org\apache\commons\commons-math3\3.6.1\commons-math3-3.6.1.jar;C:\Users\anjal\.m2\repository\com\zaxxer\SparseBitSet\1.3\SparseBitSet-1.3.jar;C:\Users\anjal\.m2\repository\org\apache\logging\log4j\log4j-api\2.24.3\log4j-api-2.24.3.jar;C:\Users\anjal\.m2\repository\org\apache\poi\poi-ooxml\5.2.3\poi-ooxml-5.2.3.jar;C:\Users\anjal\.m2\repository\org\apache\poi\poi-ooxml-lite\5.2.3\poi-ooxml-lite-5.2.3.jar;C:\Users\anjal\.m2\repository\org\apache\xmlbeans\xmlbeans\5.1.1\xmlbeans-5.1.1.jar;C:\Users\anjal\.m2\repository\com\github\virtuald\curvesapi\1.07\curvesapi-1.07.jar;C:\Users\anjal\.m2\repository\org\slf4j\slf4j-simple\2.0.7\slf4j-simple-2.0.7.jar;C:\Users\anjal\.m2\repository\com\googlecode\json-simple\json-simple\1.1.1\json-simple-1.1.1.jar;C:\Users\anjal\.m2\repository\junit\junit\4.10\junit-4.10.jar;C:\Users\anjal\.m2\repository\org\hamcrest\hamcrest-core\1.1\hamcrest-core-1.1.jar;C:\Users\anjal\.m2\repository\org\assertj\assertj-core\3.24.2\assertj-core-3.24.2.jar;C:\Users\anjal\.m2\repository\net\bytebuddy\byte-buddy\1.12.21\byte-buddy-1.12.21.jar;C:\Users\anjal\.m2\repository\commons-io\commons-io\2.4\commons-io-2.4.jar;"/>
    <property name="sun.cpu.endian" value="little"/>
    <property name="user.home" value="C:\Users\anjal"/>
    <property name="user.language" value="en"/>
    <property name="java.specification.vendor" value="Oracle Corporation"/>
    <property name="java.version.date" value="2025-01-21"/>
    <property name="java.home" value="C:\Program Files\java\jdk-23"/>
    <property name="file.separator" value="\"/>
    <property name="basedir" value="C:\Users\anjal\Java_Projects\BookswagonAutomation"/>
    <property name="java.vm.compressedOopsMode" value="32-bit"/>
    <property name="line.separator" value="&#10;"/>
    <property name="java.vm.specification.vendor" value="Oracle Corporation"/>
    <property name="java.specification.name" value="Java Platform API Specification"/>
    <property name="surefire.real.class.path" value="C:\temp\surefire11320347790360023443\surefirebooter-20250319110708814_3.jar"/>
    <property name="user.script" value=""/>
    <property name="sun.management.compiler" value="HotSpot 64-Bit Tiered Compilers"/>
    <property name="java.runtime.version" value="23.0.2+7-58"/>
    <property name="user.name" value="anjal"/>
    <property name="stdout.encoding" value="Cp1252"/>
    <property name="path.separator" value=";"/>
    <property name="os.version" value="10.0"/>
    <property name="java.runtime.name" value="Java(TM) SE Runtime Environment"/>
    <property name="file.encoding" value="UTF-8"/>
    <property name="java.vm.name" value="Java HotSpot(TM) 64-Bit Server VM"/>
    <property name="localRepository" value="C:\Users\anjal\.m2\repository"/>
    <property name="java.vendor.url.bug" value="https://bugreport.java.com/bugreport/"/>
    <property name="java.io.tmpdir" value="C:\temp\"/>
    <property name="java.version" value="23.0.2"/>
    <property name="user.dir" value="C:\Users\anjal\Java_Projects\BookswagonAutomation"/>
    <property name="os.arch" value="amd64"/>
    <property name="webdriver.gecko.driver" value="C:\Users\anjal\.cache\selenium\geckodriver\win64\0.36.0\geckodriver.exe"/>
    <property name="java.vm.specification.name" value="Java Virtual Machine Specification"/>
    <property name="sun.os.patch.level" value=""/>
    <property name="native.encoding" value="Cp1252"/>
    <property name="java.library.path" value="C:\Program Files\java\jdk-23\bin;C:\WINDOWS\Sun\Java\bin;C:\WINDOWS\system32;C:\WINDOWS;C:\Users\anjal\bin;D:\git\Git\mingw64\bin;D:\git\Git\usr\local\bin;D:\git\Git\usr\bin;D:\git\Git\usr\bin;D:\git\Git\mingw64\bin;D:\git\Git\usr\bin;C:\Users\anjal\bin;C:\Program Files\Common Files\Oracle\Java\javapath;C:\Python311\Scripts;C:\Python311;C:\Program Files (x86)\VMware\VMware Player\bin;C:\Windows\system32;C:\Windows;C:\Windows\System32\Wbem;C:\Windows\System32\WindowsPowerShell\v1.0;C:\Windows\System32\OpenSSH;C:\MinGW\bin;C:\Program Files (x86)\NVIDIA Corporation\PhysX\Common;C:\WINDOWS\system32;C:\WINDOWS;C:\WINDOWS\System32\Wbem;C:\WINDOWS\System32\WindowsPowerShell\v1.0;C:\WINDOWS\System32\OpenSSH;C:\ProgramData\chocolatey\bin;C:\Program Files\java\jdk-23\bin;C:\android\sdk\platforms;C:\android\sdk\platform-tools;C:\Program Files\NVIDIA Corporation\NVIDIA app\NvDLISR;D:\Cuvette development\nodejs;D:\git\Git\cmd;C:\Program Files\apache-maven-3.9.9\bin;C:\Users\anjal\AppData\Local\Programs\Python\Python313\Scripts;C:\Users\anjal\AppData\Local\Programs\Python\Python313;C:\Users\anjal\AppData\Local\Microsoft\WindowsApps;C:\src\flutter\bin;C:\Users\anjal\AppData\Local\Programs\Microsoft VS Code\bin;C:\Users\anjal\Downloads\flutter_windows_3.10.3-stable\flutter\bin;C:\Users\anjal\AppData\Roaming\npm;C:\Users\anjal\python\PyCharm Community Edition 2024.3.4\bin;D:\git\Git\usr\bin\vendor_perl;D:\git\Git\usr\bin\core_perl;."/>
    <property name="java.vm.info" value="mixed mode, sharing"/>
    <property name="stderr.encoding" value="Cp1252"/>
    <property name="java.vendor" value="Oracle Corporation"/>
    <property name="java.vm.version" value="23.0.2+7-58"/>
    <property name="sun.io.unicode.encoding" value="UnicodeLittle"/>
    <property name="java.class.version" value="67.0"/>
  </properties>
  <testcase name="runScenario[&quot;Verify that the search bar is displayed on the home page&quot;, &quot;Search Bar Functionality&quot;](1)" classname="runner.TestRunner" time="12.118">
    <system-out><![CDATA[
@home
Scenario: Verify that the search bar is displayed on the home page &amp#27;[90m# src/test/resources/Allcombined/A-HomeFeature/HomePage.feature:3&amp#27;[0m
Navigated to the Bookswagon homepage
  &amp#27;[32mGiven &amp#27;[0m&amp#27;[32mI am on the Bookswagon home page&amp#27;[0m                           &amp#27;[90m# stepdefinition.HomePageSteps.navigateToHomePage()&amp#27;[0m
Search bar is present on the homepage
  &amp#27;[32mWhen &amp#27;[0m&amp#27;[32mI look for the search bar&amp#27;[0m                                   &amp#27;[90m# stepdefinition.HomePageSteps.i_look_for_the_search_bar()&amp#27;[0m
Search bar is visible
Screenshot captured at: C:\Users\anjal\Java_Projects\BookswagonAutomation\Screenshots\HomePage.png
  &amp#27;[32mThen &amp#27;[0m&amp#27;[32mthe search bar should be visible&amp#27;[0m                            &amp#27;[90m# stepdefinition.HomePageSteps.the_search_bar_should_be_visible()&amp#27;[0m
]]></system-out>
    <system-err><![CDATA[[main] INFO io.github.bonigarcia.wdm.WebDriverManager - Using chromedriver 134.0.6998.88 (resolved driver for Chrome 134)
[main] INFO io.github.bonigarcia.wdm.WebDriverManager - Exporting webdriver.chrome.driver as C:\Users\anjal\.cache\selenium\chromedriver\win64\134.0.6998.88\chromedriver.exe
Mar 19, 2025 11:07:19 AM org.openqa.selenium.devtools.CdpVersionFinder findNearestMatch
WARNING: Unable to find an exact match for CDP version 134, returning the closest version; found: 133; Please update to a Selenium version that supports CDP version 134
]]></system-err>
  </testcase>
  <testcase name="runScenario[&quot;Filter search results by Price, Discount, and Language&quot;, &quot;Apply Filters on Bookswagon Search Results&quot;](2)" classname="runner.TestRunner" time="22.046">
    <system-out><![CDATA[
@search
Scenario: Filter search results by Price, Discount, and Language      &amp#27;[90m# src/test/resources/Allcombined/B-FilterFeature/searchBy.feature:15&amp#27;[0m
  &amp#27;[32mGiven &amp#27;[0m&amp#27;[32mI am on the Bookswagon search results page for &amp#27;[0m&amp#27;[32m&amp#27;[1m"Harry Potter"&amp#27;[0m &amp#27;[90m# stepdefinition.FiltersSteps.i_am_on_the_bookswagon_search_results_page_for(java.lang.String)&amp#27;[0m
Clicking on filter: Rs.500 - Rs.1000 (1220)
  &amp#27;[32mWhen &amp#27;[0m&amp#27;[32mI click on the price filter &amp#27;[0m&amp#27;[32m&amp#27;[1m"Rs.500 - Rs.1000"&amp#27;[0m                 &amp#27;[90m# stepdefinition.FiltersSteps.i_click_on_the_price_filter(java.lang.String)&amp#27;[0m
Clicking on Discount filter: 31% - 40%
  &amp#27;[32mAnd &amp#27;[0m&amp#27;[32mI click on the discount filter &amp#27;[0m&amp#27;[32m&amp#27;[1m"31% - 40%"&amp#27;[0m                      &amp#27;[90m# stepdefinition.FiltersSteps.i_click_on_the_discount_filter(java.lang.String)&amp#27;[0m
Clicking on Language filter: English
  &amp#27;[32mAnd &amp#27;[0m&amp#27;[32mI click on the language &amp#27;[0m&amp#27;[32m&amp#27;[1m"English"&amp#27;[0m                               &amp#27;[90m# stepdefinition.FiltersSteps.i_click_on_the_language(java.lang.String)&amp#27;[0m
243 results found
Screenshot captured at: C:\Users\anjal\Java_Projects\BookswagonAutomation\Screenshots\FilterPage.png
  &amp#27;[32mThen &amp#27;[0m&amp#27;[32mI should see the search results filtered&amp#27;[0m                       &amp#27;[90m# stepdefinition.FiltersSteps.i_should_see_the_search_results_filtered()&amp#27;[0m
]]></system-out>
    <system-err><![CDATA[[main] INFO io.github.bonigarcia.wdm.WebDriverManager - Using chromedriver 134.0.6998.88 (resolved driver for Chrome 134)
[main] INFO io.github.bonigarcia.wdm.WebDriverManager - Exporting webdriver.chrome.driver as C:\Users\anjal\.cache\selenium\chromedriver\win64\134.0.6998.88\chromedriver.exe
Mar 19, 2025 11:07:25 AM org.openqa.selenium.devtools.CdpVersionFinder findNearestMatch
WARNING: Unable to find an exact match for CDP version 134, returning the closest version; found: 133; Please update to a Selenium version that supports CDP version 134
]]></system-err>
  </testcase>
  <testcase name="runScenario[&quot;Filter search results by Price, Discount, and Language&quot;, &quot;Apply Filters on Bookswagon Search Results&quot;](3)" classname="runner.TestRunner" time="19.912">
    <system-out><![CDATA[
@search
Scenario: Filter search results by Price, Discount, and Language      &amp#27;[90m# src/test/resources/Allcombined/B-FilterFeature/searchBy.feature:16&amp#27;[0m
  &amp#27;[32mGiven &amp#27;[0m&amp#27;[32mI am on the Bookswagon search results page for &amp#27;[0m&amp#27;[32m&amp#27;[1m"Harry Potter"&amp#27;[0m &amp#27;[90m# stepdefinition.FiltersSteps.i_am_on_the_bookswagon_search_results_page_for(java.lang.String)&amp#27;[0m
Clicking on filter: Rs.100 - Rs.500 (391)
  &amp#27;[32mWhen &amp#27;[0m&amp#27;[32mI click on the price filter &amp#27;[0m&amp#27;[32m&amp#27;[1m"Rs.100 - Rs.500"&amp#27;[0m                  &amp#27;[90m# stepdefinition.FiltersSteps.i_click_on_the_price_filter(java.lang.String)&amp#27;[0m
Clicking on Discount filter: 41% - 50%
  &amp#27;[32mAnd &amp#27;[0m&amp#27;[32mI click on the discount filter &amp#27;[0m&amp#27;[32m&amp#27;[1m"41% - 50%"&amp#27;[0m                      &amp#27;[90m# stepdefinition.FiltersSteps.i_click_on_the_discount_filter(java.lang.String)&amp#27;[0m
  &amp#27;[32mAnd &amp#27;[0m&amp#27;[32mI click on the language &amp#27;[0m&amp#27;[32m&amp#27;[1m"Spanish"&amp#27;[0m                               &amp#27;[90m# stepdefinition.FiltersSteps.i_click_on_the_language(java.lang.String)&amp#27;[0m
6 results found
Screenshot captured at: C:\Users\anjal\Java_Projects\BookswagonAutomation\Screenshots\FilterPage.png
  &amp#27;[32mThen &amp#27;[0m&amp#27;[32mI should see the search results filtered&amp#27;[0m                       &amp#27;[90m# stepdefinition.FiltersSteps.i_should_see_the_search_results_filtered()&amp#27;[0m
]]></system-out>
    <system-err><![CDATA[[main] INFO io.github.bonigarcia.wdm.WebDriverManager - Using chromedriver 134.0.6998.88 (resolved driver for Chrome 134)
[main] INFO io.github.bonigarcia.wdm.WebDriverManager - Exporting webdriver.chrome.driver as C:\Users\anjal\.cache\selenium\chromedriver\win64\134.0.6998.88\chromedriver.exe
Mar 19, 2025 11:07:47 AM org.openqa.selenium.devtools.CdpVersionFinder findNearestMatch
WARNING: Unable to find an exact match for CDP version 134, returning the closest version; found: 133; Please update to a Selenium version that supports CDP version 134
]]></system-err>
  </testcase>
  <testcase name="runScenario[&quot;Filter search results by Price, Discount, and Language&quot;, &quot;Apply Filters on Bookswagon Search Results&quot;](4)" classname="runner.TestRunner" time="20.135">
    <system-out><![CDATA[
@search
Scenario: Filter search results by Price, Discount, and Language      &amp#27;[90m# src/test/resources/Allcombined/B-FilterFeature/searchBy.feature:17&amp#27;[0m
  &amp#27;[32mGiven &amp#27;[0m&amp#27;[32mI am on the Bookswagon search results page for &amp#27;[0m&amp#27;[32m&amp#27;[1m"Harry Potter"&amp#27;[0m &amp#27;[90m# stepdefinition.FiltersSteps.i_am_on_the_bookswagon_search_results_page_for(java.lang.String)&amp#27;[0m
Clicking on filter: Rs.1000 - Rs.2000 (1157)
  &amp#27;[32mWhen &amp#27;[0m&amp#27;[32mI click on the price filter &amp#27;[0m&amp#27;[32m&amp#27;[1m"Rs.1000 - Rs.2000"&amp#27;[0m                &amp#27;[90m# stepdefinition.FiltersSteps.i_click_on_the_price_filter(java.lang.String)&amp#27;[0m
Clicking on Discount filter: 51% - 60%
  &amp#27;[32mAnd &amp#27;[0m&amp#27;[32mI click on the discount filter &amp#27;[0m&amp#27;[32m&amp#27;[1m"51% - 60%"&amp#27;[0m                      &amp#27;[90m# stepdefinition.FiltersSteps.i_click_on_the_discount_filter(java.lang.String)&amp#27;[0m
  &amp#27;[32mAnd &amp#27;[0m&amp#27;[32mI click on the language &amp#27;[0m&amp#27;[32m&amp#27;[1m"Hindi"&amp#27;[0m                                 &amp#27;[90m# stepdefinition.FiltersSteps.i_click_on_the_language(java.lang.String)&amp#27;[0m
12 results found
Screenshot captured at: C:\Users\anjal\Java_Projects\BookswagonAutomation\Screenshots\FilterPage.png
  &amp#27;[32mThen &amp#27;[0m&amp#27;[32mI should see the search results filtered&amp#27;[0m                       &amp#27;[90m# stepdefinition.FiltersSteps.i_should_see_the_search_results_filtered()&amp#27;[0m
]]></system-out>
    <system-err><![CDATA[[main] INFO io.github.bonigarcia.wdm.WebDriverManager - Using chromedriver 134.0.6998.88 (resolved driver for Chrome 134)
[main] INFO io.github.bonigarcia.wdm.WebDriverManager - Exporting webdriver.chrome.driver as C:\Users\anjal\.cache\selenium\chromedriver\win64\134.0.6998.88\chromedriver.exe
Mar 19, 2025 11:08:07 AM org.openqa.selenium.devtools.CdpVersionFinder findNearestMatch
WARNING: Unable to find an exact match for CDP version 134, returning the closest version; found: 133; Please update to a Selenium version that supports CDP version 134
]]></system-err>
  </testcase>
  <testcase name="runScenario[&quot;Validate product details for a book and add to wishlist&quot;, &quot;Product Details Page Validation&quot;](5)" classname="runner.TestRunner" time="12.723">
    <system-out><![CDATA[
Scenario: Validate product details for a book and add to wishlist                                                                                                                                                              &amp#27;[90m# src/test/resources/Allcombined/C-ProductFeature/item.feature:6&amp#27;[0m
  &amp#27;[32mGiven &amp#27;[0m&amp#27;[32mI navigate to the login page&amp#27;[0m                                                                                                                                                                                           &amp#27;[90m# stepdefinition.ProductVerificationSteps.i_navigate_to_the_login_page()&amp#27;[0m
  &amp#27;[32mAnd &amp#27;[0m&amp#27;[32mI log in with valid credentials &amp#27;[0m&amp#27;[32m&amp#27;[1m"Adityajha9665@gmail.com"&amp#27;[0m&amp#27;[32m and &amp#27;[0m&amp#27;[32m&amp#27;[1m"Aditya@9403"&amp#27;[0m                                                                                                                                              &amp#27;[90m# stepdefinition.ProductVerificationSteps.i_log_in_with_valid_credentials_and(java.lang.String,java.lang.String)&amp#27;[0m
  &amp#27;[32mThen &amp#27;[0m&amp#27;[32mI navigate to search for &amp#27;[0m&amp#27;[32m&amp#27;[1m"Adventures Of Sherlock Holmes"&amp#27;[0m                                                                                                                                                                &amp#27;[90m# stepdefinition.ProductVerificationSteps.i_navigate_to_search_for(java.lang.String)&amp#27;[0m
The title matches
  &amp#27;[32mThen &amp#27;[0m&amp#27;[32mI should see the product title as &amp#27;[0m&amp#27;[32m&amp#27;[1m"Adventures of Sherlock Holmes: A Collection of Gripping Detective Stories Mystery Novel Classic British Literature a Must-Read Collection of Mystery and Suspense Holmes and Watson"&amp#27;[0m &amp#27;[90m# stepdefinition.ProductVerificationSteps.i_should_see_the_product_title_as(java.lang.String)&amp#27;[0m
Product Details
ISBN-13: 9788175993860
Publisher: Fingerprint! Publishing
Binding: Paperback
Language: English
Returnable: Y
Sub Title: A Collection of Gripping Detective Stories Mystery Novel Classic British Literature a Must-Read Collection of Mystery and Suspense Holmes and Watson
Width: 122 mm
ISBN-10: 8175993863
Publisher Date: 2016-09
Height: 191 mm
No of Pages: 312
Spine Width: 20 mm
Weight: 250 gr
  &amp#27;[32mAnd &amp#27;[0m&amp#27;[32mI should see the product description&amp#27;[0m                                                                                                                                                                                     &amp#27;[90m# stepdefinition.ProductVerificationSteps.i_should_see_the_product_description()&amp#27;[0m
The price matches and it is :₹207
  &amp#27;[32mAnd &amp#27;[0m&amp#27;[32mI should see the product price as &amp#27;[0m&amp#27;[32m&amp#27;[1m"₹207"&amp#27;[0m                                                                                                                                                                                 &amp#27;[90m# stepdefinition.ProductVerificationSteps.i_should_see_the_product_price_as(java.lang.String)&amp#27;[0m
The Product is Available
  &amp#27;[32mAnd &amp#27;[0m&amp#27;[32mI should see that the product is available&amp#27;[0m                                                                                                                                                                               &amp#27;[90m# stepdefinition.ProductVerificationSteps.i_should_see_that_the_product_is_available()&amp#27;[0m
Product is added to wishlist
  &amp#27;[32mAnd &amp#27;[0m&amp#27;[32mI add product to wishlist&amp#27;[0m                                                                                                                                                                                                &amp#27;[90m# stepdefinition.ProductVerificationSteps.i_add_product_to_wishlist()&amp#27;[0m
  &amp#27;[32mWhen &amp#27;[0m&amp#27;[32mI click on the &amp#27;[0m&amp#27;[32m&amp#27;[1m"Add to Wishlist"&amp#27;[0m&amp#27;[32m button&amp#27;[0m                                                                                                                                                                                 &amp#27;[90m# stepdefinition.ProductVerificationSteps.i_click_on_the_button(java.lang.String)&amp#27;[0m
The Product is Succesfully Verifed in the wishlist!!
  &amp#27;[32mThen &amp#27;[0m&amp#27;[32mthe product should be added to my wishlist&amp#27;[0m                                                                                                                                                                              &amp#27;[90m# stepdefinition.ProductVerificationSteps.the_product_should_be_added_to_my_wishlist()&amp#27;[0m
]]></system-out>
    <system-err><![CDATA[[main] INFO io.github.bonigarcia.wdm.WebDriverManager - Using geckodriver 0.36.0 (resolved driver for Firefox 136)
[main] INFO io.github.bonigarcia.wdm.WebDriverManager - Exporting webdriver.gecko.driver as C:\Users\anjal\.cache\selenium\geckodriver\win64\0.36.0\geckodriver.exe
]]></system-err>
  </testcase>
  <testcase name="runScenario[&quot;Add, update, and checkout with items in the cart&quot;, &quot;Automate Cart Functionality&quot;](6)" classname="runner.TestRunner" time="13.652">
    <system-out><![CDATA[
Scenario: Add, update, and checkout with items in the cart &amp#27;[90m# src/test/resources/Allcombined/D-CartFeature/Cart.feature:6&amp#27;[0m
  &amp#27;[32mGiven &amp#27;[0m&amp#27;[32mI am on the Bookswagon website&amp#27;[0m                     &amp#27;[90m# stepdefinition.CartSteps.i_am_on_the_bookswagon_website()&amp#27;[0m
  &amp#27;[32mWhen &amp#27;[0m&amp#27;[32mI add an item to the cart&amp#27;[0m                           &amp#27;[90m# stepdefinition.CartSteps.i_add_an_item_to_the_cart()&amp#27;[0m
Clicked the cart icon
  &amp#27;[32mAnd &amp#27;[0m&amp#27;[32mI open the cart&amp#27;[0m                                      &amp#27;[90m# stepdefinition.CartSteps.i_open_the_cart()&amp#27;[0m
  &amp#27;[32mAnd &amp#27;[0m&amp#27;[32mI update the quantity to &amp#27;[0m&amp#27;[32m&amp#27;[1m"3"&amp#27;[0m                         &amp#27;[90m# stepdefinition.CartSteps.i_update_the_quantity_to(java.lang.String)&amp#27;[0m
Removed 1 item
  &amp#27;[32mAnd &amp#27;[0m&amp#27;[32mI remove an item from the cart&amp#27;[0m                       &amp#27;[90m# stepdefinition.CartSteps.i_remove_an_item_from_the_cart()&amp#27;[0m
  &amp#27;[32mAnd &amp#27;[0m&amp#27;[32mI should proceed to checkout&amp#27;[0m                         &amp#27;[90m# stepdefinition.CartSteps.i_should_proceed_to_checkout()&amp#27;[0m
Login successful
Book Purchased
Screenshot captured at: C:\Users\anjal\Java_Projects\BookswagonAutomation\Screenshots\loginPage.png
  &amp#27;[32mThen &amp#27;[0m&amp#27;[32mI login with valid credentials for checkout&amp#27;[0m         &amp#27;[90m# stepdefinition.CartSteps.I_login_with_valid_credentials_for_checkout()&amp#27;[0m
]]></system-out>
    <system-err><![CDATA[[main] INFO io.github.bonigarcia.wdm.WebDriverManager - Using chromedriver 134.0.6998.88 (resolved driver for Chrome 134)
[main] INFO io.github.bonigarcia.wdm.WebDriverManager - Exporting webdriver.chrome.driver as C:\Users\anjal\.cache\selenium\chromedriver\win64\134.0.6998.88\chromedriver.exe
Mar 19, 2025 11:08:40 AM org.openqa.selenium.devtools.CdpVersionFinder findNearestMatch
WARNING: Unable to find an exact match for CDP version 134, returning the closest version; found: 133; Please update to a Selenium version that supports CDP version 134
]]></system-err>
  </testcase>
  <testcase name="runScenario[&quot;User tries to login with different credentials&quot;, &quot;User Login&quot;](7)" classname="runner.TestRunner" time="4.435">
    <system-out><![CDATA[
Scenario: User tries to login with different credentials                                  &amp#27;[90m# src/test/resources/Allcombined/E-UserRegistration/Registration.feature:11&amp#27;[0m
  &amp#27;[32mGiven &amp#27;[0m&amp#27;[32mI am on the login page&amp#27;[0m                                                            &amp#27;[90m# stepdefinition.UserRegistration.i_am_on_the_login_page()&amp#27;[0m
  &amp#27;[32mWhen &amp#27;[0m&amp#27;[32mI enter &amp#27;[0m&amp#27;[32m&amp#27;[1m"Test1122@gmail.com"&amp#27;[0m&amp#27;[32m and &amp#27;[0m&amp#27;[32m&amp#27;[1m"Test@123"&amp#27;[0m&amp#27;[32m in the login form&amp#27;[0m                      &amp#27;[90m# stepdefinition.UserRegistration.i_enter_and_in_the_login_form(java.lang.String,java.lang.String)&amp#27;[0m
  &amp#27;[32mAnd &amp#27;[0m&amp#27;[32mI click on the Login button&amp#27;[0m                                                         &amp#27;[90m# stepdefinition.UserRegistration.i_click_on_the_login_button()&amp#27;[0m
Invalid Credentials
Screenshot captured at: C:\Users\anjal\Java_Projects\BookswagonAutomation\Screenshots\InvalidCred.png
  &amp#27;[32mThen &amp#27;[0m&amp#27;[32mI should see a homepage address saying &amp#27;[0m&amp#27;[32m&amp#27;[1m"https://www.bookswagon.com/myaccount.aspx"&amp#27;[0m &amp#27;[90m# stepdefinition.UserRegistration.i_should_see_a_homepage_address_saying(java.lang.String)&amp#27;[0m
]]></system-out>
    <system-err><![CDATA[[main] INFO io.github.bonigarcia.wdm.WebDriverManager - Using chromedriver 134.0.6998.88 (resolved driver for Chrome 134)
[main] INFO io.github.bonigarcia.wdm.WebDriverManager - Exporting webdriver.chrome.driver as C:\Users\anjal\.cache\selenium\chromedriver\win64\134.0.6998.88\chromedriver.exe
Mar 19, 2025 11:08:53 AM org.openqa.selenium.devtools.CdpVersionFinder findNearestMatch
WARNING: Unable to find an exact match for CDP version 134, returning the closest version; found: 133; Please update to a Selenium version that supports CDP version 134
]]></system-err>
  </testcase>
  <testcase name="runScenario[&quot;User tries to login with different credentials&quot;, &quot;User Login&quot;](8)" classname="runner.TestRunner" time="5.308">
    <system-out><![CDATA[
Scenario: User tries to login with different credentials                                  &amp#27;[90m# src/test/resources/Allcombined/E-UserRegistration/Registration.feature:12&amp#27;[0m
  &amp#27;[32mGiven &amp#27;[0m&amp#27;[32mI am on the login page&amp#27;[0m                                                            &amp#27;[90m# stepdefinition.UserRegistration.i_am_on_the_login_page()&amp#27;[0m
  &amp#27;[32mWhen &amp#27;[0m&amp#27;[32mI enter &amp#27;[0m&amp#27;[32m&amp#27;[1m"Adityajha9665@gmail.com"&amp#27;[0m&amp#27;[32m and &amp#27;[0m&amp#27;[32m&amp#27;[1m"Aditya@9403"&amp#27;[0m&amp#27;[32m in the login form&amp#27;[0m              &amp#27;[90m# stepdefinition.UserRegistration.i_enter_and_in_the_login_form(java.lang.String,java.lang.String)&amp#27;[0m
  &amp#27;[32mAnd &amp#27;[0m&amp#27;[32mI click on the Login button&amp#27;[0m                                                         &amp#27;[90m# stepdefinition.UserRegistration.i_click_on_the_login_button()&amp#27;[0m
Logged in successfully!!
Screenshot captured at: C:\Users\anjal\Java_Projects\BookswagonAutomation\Screenshots\Profile.png
  &amp#27;[32mThen &amp#27;[0m&amp#27;[32mI should see a homepage address saying &amp#27;[0m&amp#27;[32m&amp#27;[1m"https://www.bookswagon.com/myaccount.aspx"&amp#27;[0m &amp#27;[90m# stepdefinition.UserRegistration.i_should_see_a_homepage_address_saying(java.lang.String)&amp#27;[0m
]]></system-out>
    <system-err><![CDATA[[main] INFO io.github.bonigarcia.wdm.WebDriverManager - Using chromedriver 134.0.6998.88 (resolved driver for Chrome 134)
[main] INFO io.github.bonigarcia.wdm.WebDriverManager - Exporting webdriver.chrome.driver as C:\Users\anjal\.cache\selenium\chromedriver\win64\134.0.6998.88\chromedriver.exe
Mar 19, 2025 11:08:58 AM org.openqa.selenium.devtools.CdpVersionFinder findNearestMatch
WARNING: Unable to find an exact match for CDP version 134, returning the closest version; found: 133; Please update to a Selenium version that supports CDP version 134
]]></system-err>
  </testcase>
  <testcase name="runScenario[&quot;User tries to login with different credentials&quot;, &quot;User Login&quot;](9)" classname="runner.TestRunner" time="4.507">
    <system-out><![CDATA[
Scenario: User tries to login with different credentials                                  &amp#27;[90m# src/test/resources/Allcombined/E-UserRegistration/Registration.feature:13&amp#27;[0m
  &amp#27;[32mGiven &amp#27;[0m&amp#27;[32mI am on the login page&amp#27;[0m                                                            &amp#27;[90m# stepdefinition.UserRegistration.i_am_on_the_login_page()&amp#27;[0m
  &amp#27;[32mWhen &amp#27;[0m&amp#27;[32mI enter &amp#27;[0m&amp#27;[32m&amp#27;[1m"unkowna83@gmail.com"&amp#27;[0m&amp#27;[32m and &amp#27;[0m&amp#27;[32m&amp#27;[1m"Test@123"&amp#27;[0m&amp#27;[32m in the login form&amp#27;[0m                     &amp#27;[90m# stepdefinition.UserRegistration.i_enter_and_in_the_login_form(java.lang.String,java.lang.String)&amp#27;[0m
  &amp#27;[32mAnd &amp#27;[0m&amp#27;[32mI click on the Login button&amp#27;[0m                                                         &amp#27;[90m# stepdefinition.UserRegistration.i_click_on_the_login_button()&amp#27;[0m
Logged in successfully!!
Screenshot captured at: C:\Users\anjal\Java_Projects\BookswagonAutomation\Screenshots\Profile.png
  &amp#27;[32mThen &amp#27;[0m&amp#27;[32mI should see a homepage address saying &amp#27;[0m&amp#27;[32m&amp#27;[1m"https://www.bookswagon.com/myaccount.aspx"&amp#27;[0m &amp#27;[90m# stepdefinition.UserRegistration.i_should_see_a_homepage_address_saying(java.lang.String)&amp#27;[0m
]]></system-out>
    <system-err><![CDATA[[main] INFO io.github.bonigarcia.wdm.WebDriverManager - Using chromedriver 134.0.6998.88 (resolved driver for Chrome 134)
[main] INFO io.github.bonigarcia.wdm.WebDriverManager - Exporting webdriver.chrome.driver as C:\Users\anjal\.cache\selenium\chromedriver\win64\134.0.6998.88\chromedriver.exe
Mar 19, 2025 11:09:03 AM org.openqa.selenium.devtools.CdpVersionFinder findNearestMatch
WARNING: Unable to find an exact match for CDP version 134, returning the closest version; found: 133; Please update to a Selenium version that supports CDP version 134
]]></system-err>
  </testcase>
</testsuite>