<?xml version="1.0" encoding="UTF-8"?>
<!-- Generated by org.testng.reporters.JUnitReportReporter -->
<testsuite hostname="MSI" failures="0" tests="9" name="runner.TestRunner" time="117.141" errors="0" timestamp="2025-03-19T09:26:36 IST" skipped="0">
  <testcase classname="runner.TestRunner" name="runScenario" time="19.804"/>
  <testcase classname="runner.TestRunner" name="runScenario" time="20.748"/>
  <testcase classname="runner.TestRunner" name="runScenario" time="4.840"/>
  <testcase classname="runner.TestRunner" name="runScenario" time="19.802"/>
  <testcase classname="runner.TestRunner" name="runScenario" time="20.405"/>
  <testcase classname="runner.TestRunner" name="runScenario" time="4.521"/>
  <testcase classname="runner.TestRunner" name="runScenario" time="8.632"/>
  <testcase classname="runner.TestRunner" name="runScenario" time="4.522"/>
  <testcase classname="runner.TestRunner" name="runScenario" time="13.867"/>
</testsuite> <!-- runner.TestRunner -->
