<?xml version="1.0" encoding="UTF-8"?>
<!-- Generated by org.testng.reporters.JUnitReportReporter -->
<testsuite hostname="MSI" failures="0" tests="1" name="runner.TestRunner" time="32.444" errors="0" timestamp="2025-03-18T00:32:22 IST" skipped="0">
  <testcase classname="runner.TestRunner" name="runScenario" time="32.444"/>
</testsuite> <!-- runner.TestRunner -->
