<?xml version="1.0" encoding="UTF-8"?>
<!-- Generated by org.testng.reporters.JUnitReportReporter -->
<testsuite hostname="MSI" failures="0" tests="9" name="runner.TestRunner" time="114.845" errors="0" timestamp="2025-03-19T11:09:07 IST" skipped="0">
  <testcase classname="runner.TestRunner" name="runScenario" time="20.134"/>
  <testcase classname="runner.TestRunner" name="runScenario" time="13.653"/>
  <testcase classname="runner.TestRunner" name="runScenario" time="5.308"/>
  <testcase classname="runner.TestRunner" name="runScenario" time="19.912"/>
  <testcase classname="runner.TestRunner" name="runScenario" time="4.508"/>
  <testcase classname="runner.TestRunner" name="runScenario" time="12.722"/>
  <testcase classname="runner.TestRunner" name="runScenario" time="22.055"/>
  <testcase classname="runner.TestRunner" name="runScenario" time="4.435"/>
  <testcase classname="runner.TestRunner" name="runScenario" time="12.118"/>
</testsuite> <!-- runner.TestRunner -->
